# Logfile created on Mon May 29 22:40:01 CEST 2006 by logger.rb/1.5.2.4
I, [2006-05-29T22:40:45.142244 #11131]  INFO -- : match: true received: 585b1ac3cf671553e11f61fa6f1d5302 correct: 585b1ac3cf671553e11f61fa6f1d5302
I, [2006-05-29T22:57:30.333155 #11131]  INFO -- : match: true received: 585b1ac3cf671553e11f61fa6f1d5302 correct: 585b1ac3cf671553e11f61fa6f1d5302
I, [2006-05-29T22:57:47.201039 #11131]  INFO -- : match: true received: 585b1ac3cf671553e11f61fa6f1d5302 correct: 585b1ac3cf671553e11f61fa6f1d5302
I, [2006-05-29T23:01:03.651241 #11569]  INFO -- : match: true received: 585b1ac3cf671553e11f61fa6f1d5302 correct: 585b1ac3cf671553e11f61fa6f1d5302
I, [2006-05-29T23:01:23.866536 #11569]  INFO -- : match: true received: 585b1ac3cf671553e11f61fa6f1d5302 correct: 585b1ac3cf671553e11f61fa6f1d5302
I, [2006-05-29T23:01:40.905566 #11569]  INFO -- : match: true received: 585b1ac3cf671553e11f61fa6f1d5302 correct: 585b1ac3cf671553e11f61fa6f1d5302
I, [2006-05-29T23:02:37.883364 #11626]  INFO -- : match: true received: 585b1ac3cf671553e11f61fa6f1d5302 correct: 585b1ac3cf671553e11f61fa6f1d5302
I, [2006-05-29T23:02:48.570433 #11626]  INFO -- : match: true received: 585b1ac3cf671553e11f61fa6f1d5302 correct: 585b1ac3cf671553e11f61fa6f1d5302
I, [2006-05-29T23:13:23.344314 #11626]  INFO -- : match: true received: 585b1ac3cf671553e11f61fa6f1d5302 correct: 585b1ac3cf671553e11f61fa6f1d5302
I, [2006-05-29T23:15:56.824969 #11787]  INFO -- : match: true received: 585b1ac3cf671553e11f61fa6f1d5302 correct: 585b1ac3cf671553e11f61fa6f1d5302
I, [2006-05-29T23:19:28.296298 #11787]  INFO -- : match: true received: 585b1ac3cf671553e11f61fa6f1d5302 correct: 585b1ac3cf671553e11f61fa6f1d5302
I, [2006-05-29T23:25:15.203569 #11787]  INFO -- : match: true received: 585b1ac3cf671553e11f61fa6f1d5302 correct: 585b1ac3cf671553e11f61fa6f1d5302
I, [2006-05-30T10:02:18.572837 #6155]  INFO -- : match: true received: 585b1ac3cf671553e11f61fa6f1d5302 correct: 585b1ac3cf671553e11f61fa6f1d5302
I, [2006-05-30T10:04:32.511403 #6155]  INFO -- : match: true received: 585b1ac3cf671553e11f61fa6f1d5302 correct: 585b1ac3cf671553e11f61fa6f1d5302
I, [2006-05-30T10:12:38.979749 #6326]  INFO -- : match: true received: 585b1ac3cf671553e11f61fa6f1d5302 correct: 585b1ac3cf671553e11f61fa6f1d5302
I, [2006-05-30T10:15:04.018195 #6381]  INFO -- : match: true received: 585b1ac3cf671553e11f61fa6f1d5302 correct: 585b1ac3cf671553e11f61fa6f1d5302
I, [2006-05-30T10:17:41.206141 #6509]  INFO -- : match: true received: 585b1ac3cf671553e11f61fa6f1d5302 correct: 585b1ac3cf671553e11f61fa6f1d5302
I, [2006-05-30T10:20:37.358593 #6591]  INFO -- : match: true received: 585b1ac3cf671553e11f61fa6f1d5302 correct: 585b1ac3cf671553e11f61fa6f1d5302
I, [2006-05-30T10:21:57.355985 #6639]  INFO -- : match: true received: 585b1ac3cf671553e11f61fa6f1d5302 correct: 585b1ac3cf671553e11f61fa6f1d5302
I, [2006-05-30T10:22:42.740534 #6668]  INFO -- : match: true received: 585b1ac3cf671553e11f61fa6f1d5302 correct: 585b1ac3cf671553e11f61fa6f1d5302
I, [2006-05-30T10:23:51.655047 #6700]  INFO -- : match: true received: 585b1ac3cf671553e11f61fa6f1d5302 correct: 585b1ac3cf671553e11f61fa6f1d5302
I, [2006-05-30T10:25:12.455564 #6743]  INFO -- : match: true received: 585b1ac3cf671553e11f61fa6f1d5302 correct: 585b1ac3cf671553e11f61fa6f1d5302
I, [2006-05-30T10:26:17.587869 #6784]  INFO -- : match: true received: 585b1ac3cf671553e11f61fa6f1d5302 correct: 585b1ac3cf671553e11f61fa6f1d5302
I, [2006-05-30T10:26:41.335470 #6811]  INFO -- : match: true received: 585b1ac3cf671553e11f61fa6f1d5302 correct: 585b1ac3cf671553e11f61fa6f1d5302
I, [2006-05-30T10:31:51.710304 #6916]  INFO -- : match: true received: 585b1ac3cf671553e11f61fa6f1d5302 correct: 585b1ac3cf671553e11f61fa6f1d5302
I, [2006-05-30T10:32:38.158401 #6955]  INFO -- : match: true received: 585b1ac3cf671553e11f61fa6f1d5302 correct: 585b1ac3cf671553e11f61fa6f1d5302
I, [2006-05-30T10:35:18.554930 #6998]  INFO -- : match: true received: 585b1ac3cf671553e11f61fa6f1d5302 correct: 585b1ac3cf671553e11f61fa6f1d5302
I, [2006-05-30T10:38:37.767068 #7067]  INFO -- : match: true received: 585b1ac3cf671553e11f61fa6f1d5302 correct: 585b1ac3cf671553e11f61fa6f1d5302
I, [2006-05-30T10:39:44.633481 #7106]  INFO -- : match: true received: 585b1ac3cf671553e11f61fa6f1d5302 correct: 585b1ac3cf671553e11f61fa6f1d5302
I, [2006-05-30T10:40:11.337920 #7133]  INFO -- : match: true received: 585b1ac3cf671553e11f61fa6f1d5302 correct: 585b1ac3cf671553e11f61fa6f1d5302
I, [2006-05-30T10:43:55.861524 #7238]  INFO -- : match: true received: 585b1ac3cf671553e11f61fa6f1d5302 correct: 585b1ac3cf671553e11f61fa6f1d5302
I, [2006-05-30T10:44:16.143253 #7264]  INFO -- : match: true received: 585b1ac3cf671553e11f61fa6f1d5302 correct: 585b1ac3cf671553e11f61fa6f1d5302
I, [2006-05-30T10:45:51.945529 #7312]  INFO -- : match: true received: 585b1ac3cf671553e11f61fa6f1d5302 correct: 585b1ac3cf671553e11f61fa6f1d5302
I, [2006-05-30T10:46:14.045112 #7338]  INFO -- : match: true received: 585b1ac3cf671553e11f61fa6f1d5302 correct: 585b1ac3cf671553e11f61fa6f1d5302
I, [2006-05-30T10:46:29.481834 #7338]  INFO -- : checking system password: 585b1ac3cf671553e11f61fa6f1d5302
I, [2006-05-30T10:46:51.975716 #7380]  INFO -- : match: true received: 585b1ac3cf671553e11f61fa6f1d5302 correct: 585b1ac3cf671553e11f61fa6f1d5302
I, [2006-05-30T10:50:03.909797 #7411]  INFO -- : match: true received: 585b1ac3cf671553e11f61fa6f1d5302 correct: 585b1ac3cf671553e11f61fa6f1d5302
I, [2006-05-30T10:51:09.725420 #7440]  INFO -- : match: true received: 585b1ac3cf671553e11f61fa6f1d5302 correct: 585b1ac3cf671553e11f61fa6f1d5302
I, [2006-05-30T10:54:50.541859 #7474]  INFO -- : match: true received: 585b1ac3cf671553e11f61fa6f1d5302 correct: 585b1ac3cf671553e11f61fa6f1d5302
I, [2006-05-30T10:55:46.117761 #7500]  INFO -- : match: true received: 585b1ac3cf671553e11f61fa6f1d5302 correct: 585b1ac3cf671553e11f61fa6f1d5302
I, [2006-05-30T10:56:28.830094 #7526]  INFO -- : match: true received: 585b1ac3cf671553e11f61fa6f1d5302 correct: 585b1ac3cf671553e11f61fa6f1d5302
I, [2006-05-30T11:03:23.854217 #7572]  INFO -- : match: true received: 585b1ac3cf671553e11f61fa6f1d5302 correct: 585b1ac3cf671553e11f61fa6f1d5302
I, [2006-05-30T11:03:55.238266 #7598]  INFO -- : match: true received: 585b1ac3cf671553e11f61fa6f1d5302 correct: 585b1ac3cf671553e11f61fa6f1d5302
I, [2006-05-30T11:05:13.800937 #7635]  INFO -- : match: true received: 585b1ac3cf671553e11f61fa6f1d5302 correct: 585b1ac3cf671553e11f61fa6f1d5302
I, [2006-05-30T11:05:42.834863 #7663]  INFO -- : match: false received: ad7532d5b3860a408fbe01f9455dca36 correct: 585b1ac3cf671553e11f61fa6f1d5302
I, [2006-05-30T11:05:46.757153 #7663]  INFO -- : match: true received: 585b1ac3cf671553e11f61fa6f1d5302 correct: 585b1ac3cf671553e11f61fa6f1d5302
I, [2006-05-30T11:06:13.578428 #7690]  INFO -- : match: true received: 585b1ac3cf671553e11f61fa6f1d5302 correct: 585b1ac3cf671553e11f61fa6f1d5302
I, [2006-05-30T11:09:00.948747 #7799]  INFO -- : match: true received: 585b1ac3cf671553e11f61fa6f1d5302 correct: 585b1ac3cf671553e11f61fa6f1d5302
I, [2006-05-30T11:10:01.519695 #7827]  INFO -- : match: true received: 585b1ac3cf671553e11f61fa6f1d5302 correct: 585b1ac3cf671553e11f61fa6f1d5302
I, [2006-05-30T11:11:08.819419 #7852]  INFO -- : match: true received: 585b1ac3cf671553e11f61fa6f1d5302 correct: 585b1ac3cf671553e11f61fa6f1d5302
I, [2006-05-30T11:12:44.048493 #7888]  INFO -- : match: true received: 585b1ac3cf671553e11f61fa6f1d5302 correct: 585b1ac3cf671553e11f61fa6f1d5302
I, [2006-05-30T11:17:45.297114 #8160]  INFO -- : match: true received: 585b1ac3cf671553e11f61fa6f1d5302 correct: 585b1ac3cf671553e11f61fa6f1d5302
I, [2006-05-30T11:22:45.494568 #8198]  INFO -- : match: true received: 585b1ac3cf671553e11f61fa6f1d5302 correct: 585b1ac3cf671553e11f61fa6f1d5302
I, [2006-05-30T11:44:35.771579 #8258]  INFO -- : match: true received: 585b1ac3cf671553e11f61fa6f1d5302 correct: 585b1ac3cf671553e11f61fa6f1d5302
I, [2006-05-30T11:53:14.415780 #8323]  INFO -- : match: true received: 585b1ac3cf671553e11f61fa6f1d5302 correct: 585b1ac3cf671553e11f61fa6f1d5302
I, [2006-05-30T11:53:27.902314 #8323]  INFO -- : match: false received: a4270de3620a3a9b67a250227fa1464b correct: 
I, [2006-05-30T11:53:38.093038 #8323]  INFO -- : match: true received: 585b1ac3cf671553e11f61fa6f1d5302 correct: 585b1ac3cf671553e11f61fa6f1d5302
I, [2006-05-30T12:53:56.831852 #8544]  INFO -- : match: true received: 585b1ac3cf671553e11f61fa6f1d5302 correct: 585b1ac3cf671553e11f61fa6f1d5302
I, [2006-05-30T13:02:09.979929 #8733]  INFO -- : match: true received: 585b1ac3cf671553e11f61fa6f1d5302 correct: 585b1ac3cf671553e11f61fa6f1d5302
I, [2006-05-30T13:54:09.873181 #11549]  INFO -- : match: true received: 585b1ac3cf671553e11f61fa6f1d5302 correct: 585b1ac3cf671553e11f61fa6f1d5302
I, [2006-05-30T14:00:53.429901 #11761]  INFO -- : match: true received: 585b1ac3cf671553e11f61fa6f1d5302 correct: 585b1ac3cf671553e11f61fa6f1d5302
I, [2006-05-30T14:00:59.867263 #11761]  INFO -- : checking system password: 585b1ac3cf671553e11f61fa6f1d5302
I, [2006-05-30T14:01:05.759864 #11761]  INFO -- : match: true received: 585b1ac3cf671553e11f61fa6f1d5302 correct: 585b1ac3cf671553e11f61fa6f1d5302
I, [2006-05-30T14:01:14.034494 #11761]  INFO -- : match: true received: 585b1ac3cf671553e11f61fa6f1d5302 correct: 585b1ac3cf671553e11f61fa6f1d5302
I, [2006-05-30T15:08:10.739846 #12228]  INFO -- : match: true received: 585b1ac3cf671553e11f61fa6f1d5302 correct: 585b1ac3cf671553e11f61fa6f1d5302
I, [2006-05-30T15:23:55.422262 #12228]  INFO -- : match: false received: 585b1ac3cf671553e11f61fa6f1d5302 correct: 
I, [2006-05-30T15:24:09.216584 #12228]  INFO -- : match: false received: 585b1ac3cf671553e11f61fa6f1d5302 correct: 
I, [2006-05-30T15:24:17.785261 #12228]  INFO -- : match: false received: 585b1ac3cf671553e11f61fa6f1d5302 correct: 
I, [2006-05-30T15:24:42.505557 #12359]  INFO -- : match: false received: 585b1ac3cf671553e11f61fa6f1d5302 correct: 
I, [2006-05-30T15:25:24.205481 #12359]  INFO -- : match: false received: 585b1ac3cf671553e11f61fa6f1d5302 correct: 
I, [2006-05-30T15:27:04.366924 #12359]  INFO -- : match: true received: 585b1ac3cf671553e11f61fa6f1d5302 correct: 585b1ac3cf671553e11f61fa6f1d5302
I, [2006-05-30T15:30:42.696561 #12359]  INFO -- : match: true received: 585b1ac3cf671553e11f61fa6f1d5302 correct: 585b1ac3cf671553e11f61fa6f1d5302
I, [2006-05-30T15:31:32.195667 #12359]  INFO -- : match: true received: 585b1ac3cf671553e11f61fa6f1d5302 correct: 585b1ac3cf671553e11f61fa6f1d5302
I, [2006-05-30T15:31:39.058512 #12359]  INFO -- : match: true received: 585b1ac3cf671553e11f61fa6f1d5302 correct: 585b1ac3cf671553e11f61fa6f1d5302
I, [2006-05-30T15:39:29.923149 #12359]  INFO -- : match: true received: 585b1ac3cf671553e11f61fa6f1d5302 correct: 585b1ac3cf671553e11f61fa6f1d5302
I, [2006-05-30T15:40:16.969665 #12359]  INFO -- : match: false received: 09eaa876428a5172965d80feab9e1b16 correct: 
I, [2006-05-30T15:53:39.399288 #16401]  INFO -- : match: true received: 585b1ac3cf671553e11f61fa6f1d5302 correct: 585b1ac3cf671553e11f61fa6f1d5302
I, [2006-05-30T15:56:53.243119 #16401]  INFO -- : match: true received: 585b1ac3cf671553e11f61fa6f1d5302 correct: 585b1ac3cf671553e11f61fa6f1d5302
I, [2006-05-30T16:04:01.687196 #16401]  INFO -- : match: true received: 585b1ac3cf671553e11f61fa6f1d5302 correct: 585b1ac3cf671553e11f61fa6f1d5302
I, [2006-05-30T16:21:06.137280 #16401]  INFO -- : match: true received: 585b1ac3cf671553e11f61fa6f1d5302 correct: 585b1ac3cf671553e11f61fa6f1d5302
I, [2006-05-30T16:22:47.340734 #3510]  INFO -- : match: true received: 585b1ac3cf671553e11f61fa6f1d5302 correct: 585b1ac3cf671553e11f61fa6f1d5302
I, [2006-05-30T16:24:19.459245 #3510]  INFO -- : match: false received: 6b9c581a260c9501080d6b89960e771c correct: 
I, [2006-05-30T16:24:26.869980 #3510]  INFO -- : checking system password: 585b1ac3cf671553e11f61fa6f1d5302
I, [2006-05-30T16:26:03.501467 #3510]  INFO -- : checking system password: 585b1ac3cf671553e11f61fa6f1d5302
I, [2006-05-30T16:26:12.466521 #3510]  INFO -- : match: true received: 585b1ac3cf671553e11f61fa6f1d5302 correct: 585b1ac3cf671553e11f61fa6f1d5302
I, [2006-05-30T16:26:19.581922 #3590]  INFO -- : match: true received: 585b1ac3cf671553e11f61fa6f1d5302 correct: 585b1ac3cf671553e11f61fa6f1d5302
I, [2006-05-30T16:26:36.784215 #3590]  INFO -- : match: true received: 585b1ac3cf671553e11f61fa6f1d5302 correct: 585b1ac3cf671553e11f61fa6f1d5302
I, [2006-05-30T16:27:43.465358 #3590]  INFO -- : checking system password: 585b1ac3cf671553e11f61fa6f1d5302
I, [2006-05-30T16:29:22.369729 #3590]  INFO -- : match: true received: 585b1ac3cf671553e11f61fa6f1d5302 correct: 585b1ac3cf671553e11f61fa6f1d5302
I, [2006-05-30T16:54:59.311203 #3590]  INFO -- : match: true received: 585b1ac3cf671553e11f61fa6f1d5302 correct: 585b1ac3cf671553e11f61fa6f1d5302
I, [2006-05-30T17:02:38.242284 #3590]  INFO -- : match: true received: 585b1ac3cf671553e11f61fa6f1d5302 correct: 585b1ac3cf671553e11f61fa6f1d5302
